[INFO] [2018-07-19 15:52:11][org.springframework.beans.factory.xml.XmlBeanDefinitionReader]Loading XML bean definitions from class path resource [spring-mybatis.xml]
[INFO] [2018-07-19 15:52:11][org.springframework.context.support.GenericApplicationContext]Refreshing org.springframework.context.support.GenericApplicationContext@6a024a67: startup date [Thu Jul 19 15:52:11 CST 2018]; root of context hierarchy
[INFO] [2018-07-19 15:52:12][org.springframework.beans.factory.config.PropertyPlaceholderConfigurer]Loading properties file from class path resource [jdbc.properties]
[INFO] [2018-07-19 15:52:12][org.springframework.beans.factory.annotation.AutowiredAnnotationBeanPostProcessor]JSR-330 'javax.inject.Inject' annotation found and supported for autowiring
[INFO] [2018-07-19 15:52:13][TestMyBatis]{"age":29,"birthday":584982000000,"datachangeCreatetime":1524045668000,"datachangeLasttime":1524045668000,"email":"gmluo@gmluo.cn","gender":1,"id":126,"password":"122333","username":"gmluo"}
[INFO] [2018-07-19 15:52:13][org.springframework.context.support.GenericApplicationContext]Closing org.springframework.context.support.GenericApplicationContext@6a024a67: startup date [Thu Jul 19 15:52:11 CST 2018]; root of context hierarchy
[INFO] [2018-07-19 15:52:32][org.springframework.beans.factory.xml.XmlBeanDefinitionReader]Loading XML bean definitions from class path resource [spring-mybatis.xml]
[INFO] [2018-07-19 15:52:32][org.springframework.context.support.GenericApplicationContext]Refreshing org.springframework.context.support.GenericApplicationContext@6a024a67: startup date [Thu Jul 19 15:52:32 CST 2018]; root of context hierarchy
[INFO] [2018-07-19 15:52:32][org.springframework.beans.factory.config.PropertyPlaceholderConfigurer]Loading properties file from class path resource [jdbc.properties]
[INFO] [2018-07-19 15:52:32][org.springframework.beans.factory.annotation.AutowiredAnnotationBeanPostProcessor]JSR-330 'javax.inject.Inject' annotation found and supported for autowiring
[INFO] [2018-07-19 15:52:33][TestMyBatis]{"age":29,"birthday":584982000000,"datachangeCreatetime":1524045668000,"datachangeLasttime":1524045668000,"email":"gmluo@gmluo.cn","gender":1,"id":126,"password":"122333","username":"gmluo"}
[INFO] [2018-07-19 15:52:33][org.springframework.context.support.GenericApplicationContext]Closing org.springframework.context.support.GenericApplicationContext@6a024a67: startup date [Thu Jul 19 15:52:32 CST 2018]; root of context hierarchy
[INFO] [2018-07-19 15:52:55][org.springframework.beans.factory.xml.XmlBeanDefinitionReader]Loading XML bean definitions from class path resource [spring-mybatis.xml]
[INFO] [2018-07-19 15:52:55][org.springframework.context.support.GenericApplicationContext]Refreshing org.springframework.context.support.GenericApplicationContext@6a024a67: startup date [Thu Jul 19 15:52:55 CST 2018]; root of context hierarchy
[INFO] [2018-07-19 15:52:55][org.springframework.beans.factory.config.PropertyPlaceholderConfigurer]Loading properties file from class path resource [jdbc.properties]
[INFO] [2018-07-19 15:52:55][org.springframework.beans.factory.annotation.AutowiredAnnotationBeanPostProcessor]JSR-330 'javax.inject.Inject' annotation found and supported for autowiring
[INFO] [2018-07-19 15:52:56][TestMyBatis]{"age":29,"birthday":1523462400000,"datachangeCreatetime":1531968937000,"datachangeLasttime":1531968937000,"email":"yni@gmluo.cn","gender":0,"id":157,"password":"122333","username":"test18071901"}
[INFO] [2018-07-19 15:52:56][TestMyBatis]{"age":29,"birthday":1523462400000,"datachangeCreatetime":1531967736000,"datachangeLasttime":1531967736000,"email":"yni@gmluo.cn","gender":0,"id":156,"password":"122333","username":"test18071808"}
[INFO] [2018-07-19 15:52:56][TestMyBatis]{"age":29,"birthday":1523462400000,"datachangeCreatetime":1531921444000,"datachangeLasttime":1531921444000,"email":"yni@gmluo.cn","gender":0,"id":155,"password":"122333","username":"test18071808"}
[INFO] [2018-07-19 15:52:56][TestMyBatis]{"age":29,"birthday":1523462400000,"datachangeCreatetime":1531908774000,"datachangeLasttime":1531908774000,"email":"yni@gmluo.cn","gender":0,"id":154,"password":"122333","username":"test18071807"}
[INFO] [2018-07-19 15:52:56][TestMyBatis]{"age":19,"birthday":1531670400000,"datachangeCreatetime":1531843200000,"datachangeLasttime":1531921415000,"email":"yni@gmluo.cn","gender":1,"id":153,"password":"122333","username":"test18071807"}
[INFO] [2018-07-19 15:52:56][TestMyBatis]{"age":29,"birthday":591206400000,"datachangeCreatetime":1531843200000,"datachangeLasttime":1531843200000,"email":"yni@gmluo.cn","gender":0,"id":152,"password":"122333","username":"test18071805"}
[INFO] [2018-07-19 15:52:56][TestMyBatis]{"age":18,"birthday":1523462400000,"datachangeCreatetime":1531906794000,"datachangeLasttime":1531906794000,"email":"gmluotest01@123.com","gender":1,"id":151,"password":"122333","username":"niyantest03"}
[INFO] [2018-07-19 15:52:56][TestMyBatis]{"age":29,"birthday":591206400000,"datachangeCreatetime":1531906121000,"datachangeLasttime":1531906121000,"email":"yni@gmluo.cn","gender":0,"id":150,"password":"122333","username":"test18071805"}
[INFO] [2018-07-19 15:52:56][TestMyBatis]{"age":29,"birthday":591206400000,"datachangeCreatetime":1531906117000,"datachangeLasttime":1531906117000,"email":"yni@gmluo.cn","gender":0,"id":149,"password":"122333","username":"test18071804"}
[INFO] [2018-07-19 15:52:56][TestMyBatis]{"age":29,"birthday":591206400000,"datachangeCreatetime":1531906113000,"datachangeLasttime":1531906113000,"email":"yni@gmluo.cn","gender":0,"id":148,"password":"122333","username":"test18071803"}
[INFO] [2018-07-19 15:52:56][TestMyBatis]{"age":29,"birthday":591206400000,"datachangeCreatetime":1531906102000,"datachangeLasttime":1531906102000,"email":"yni@gmluo.cn","gender":0,"id":147,"password":"122333","username":"test18071802"}
[INFO] [2018-07-19 15:52:56][TestMyBatis]{"age":29,"birthday":591206400000,"datachangeCreatetime":1531905993000,"datachangeLasttime":1531905993000,"email":"yni@gmluo.cn","gender":0,"id":144,"password":"122333","username":"test18071802"}
[INFO] [2018-07-19 15:52:56][TestMyBatis]{"age":18,"birthday":591206400000,"datachangeCreatetime":1531905445000,"datachangeLasttime":1531905660000,"email":"yni@gmluo.cn","gender":1,"id":143,"password":"cn!","username":"test18071803"}
[INFO] [2018-07-19 15:52:56][TestMyBatis]{"age":20,"birthday":1531843200000,"datachangeCreatetime":1531878631000,"datachangeLasttime":1531878631000,"email":"123@abc.com","gender":1,"id":141,"password":"20180718","username":"罗77.5"}
[INFO] [2018-07-19 15:52:56][TestMyBatis]{"age":8,"birthday":1530633600000,"datachangeCreatetime":1530705097000,"datachangeLasttime":1530705097000,"email":"123@123.com","gender":1,"id":140,"password":"122333","username":"罗大胖"}
[INFO] [2018-07-19 15:52:56][TestMyBatis]{"age":1,"birthday":1522771200000,"datachangeCreatetime":1524133950000,"datachangeLasttime":1524133950000,"email":"gmluo041901","gender":1,"id":139,"password":"111111","username":"gmluo041901"}
[INFO] [2018-07-19 15:52:56][TestMyBatis]{"age":18,"birthday":1523462400000,"datachangeCreatetime":1524126233000,"datachangeLasttime":1524126233000,"email":"gmluotest01@123.com","gender":1,"id":138,"password":"122333","username":"niyantest02"}
[INFO] [2018-07-19 15:52:56][TestMyBatis]{"age":6,"birthday":1522684800000,"datachangeCreatetime":1524047882000,"datachangeLasttime":1524047882000,"email":"yanitest01@12.com","gender":0,"id":134,"password":"122333","username":"yanitest01"}
[INFO] [2018-07-19 15:52:56][TestMyBatis]{"age":1,"birthday":1523980800000,"datachangeCreatetime":1524045907000,"datachangeLasttime":1524045977000,"email":"gmluotest01@gmluo.cn","gender":1,"id":132,"password":"122333","username":"gmluotest01"}
[INFO] [2018-07-19 15:52:56][TestMyBatis]{"age":3,"birthday":1440950400000,"datachangeCreatetime":1524045827000,"datachangeLasttime":1524045827000,"email":"luojiani@gmluo.cn","gender":0,"id":131,"password":"122333","username":"luojiani"}
[INFO] [2018-07-19 15:52:56][TestMyBatis]{"age":29,"birthday":591206400000,"datachangeCreatetime":1524045807000,"datachangeLasttime":1524045807000,"email":"niyan@gmluo.cn","gender":0,"id":130,"password":"122333","username":"niyan"}
[INFO] [2018-07-19 15:52:56][TestMyBatis]{"age":29,"birthday":584982000000,"datachangeCreatetime":1524045758000,"datachangeLasttime":1524045777000,"email":"luogenming@gmluo.cn","gender":1,"id":129,"password":"122333","username":"luogenming"}
[INFO] [2018-07-19 15:52:56][TestMyBatis]{"age":3,"birthday":1440950400000,"datachangeCreatetime":1524045730000,"datachangeLasttime":1524045730000,"email":"jnluo@gmluo.cn","gender":0,"id":128,"password":"122333","username":"jnluo"}
[INFO] [2018-07-19 15:52:56][TestMyBatis]{"age":29,"birthday":591206400000,"datachangeCreatetime":1524045700000,"datachangeLasttime":1524045700000,"email":"yni@gmluo.cn","gender":0,"id":127,"password":"122333","username":"yni"}
[INFO] [2018-07-19 15:52:56][TestMyBatis]{"age":29,"birthday":584982000000,"datachangeCreatetime":1524045668000,"datachangeLasttime":1524045668000,"email":"gmluo@gmluo.cn","gender":1,"id":126,"password":"122333","username":"gmluo"}
[INFO] [2018-07-19 15:52:56][org.springframework.context.support.GenericApplicationContext]Closing org.springframework.context.support.GenericApplicationContext@6a024a67: startup date [Thu Jul 19 15:52:55 CST 2018]; root of context hierarchy
[INFO] [2018-07-19 15:53:11][org.springframework.beans.factory.xml.XmlBeanDefinitionReader]Loading XML bean definitions from class path resource [spring-mybatis.xml]
[INFO] [2018-07-19 15:53:11][org.springframework.context.support.GenericApplicationContext]Refreshing org.springframework.context.support.GenericApplicationContext@b97c004: startup date [Thu Jul 19 15:53:11 CST 2018]; root of context hierarchy
[INFO] [2018-07-19 15:53:11][org.springframework.beans.factory.config.PropertyPlaceholderConfigurer]Loading properties file from class path resource [jdbc.properties]
[INFO] [2018-07-19 15:53:12][org.springframework.beans.factory.annotation.AutowiredAnnotationBeanPostProcessor]JSR-330 'javax.inject.Inject' annotation found and supported for autowiring
[INFO] [2018-07-19 15:53:13][TestMyBatis]{"age":29,"birthday":1523462400000,"datachangeCreatetime":1531968937000,"datachangeLasttime":1531968937000,"email":"yni@gmluo.cn","gender":0,"id":157,"password":"122333","username":"test18071901"}
[INFO] [2018-07-19 15:53:13][TestMyBatis]{"age":29,"birthday":1523462400000,"datachangeCreatetime":1531967736000,"datachangeLasttime":1531967736000,"email":"yni@gmluo.cn","gender":0,"id":156,"password":"122333","username":"test18071808"}
[INFO] [2018-07-19 15:53:13][TestMyBatis]{"age":29,"birthday":1523462400000,"datachangeCreatetime":1531921444000,"datachangeLasttime":1531921444000,"email":"yni@gmluo.cn","gender":0,"id":155,"password":"122333","username":"test18071808"}
[INFO] [2018-07-19 15:53:13][TestMyBatis]{"age":29,"birthday":1523462400000,"datachangeCreatetime":1531908774000,"datachangeLasttime":1531908774000,"email":"yni@gmluo.cn","gender":0,"id":154,"password":"122333","username":"test18071807"}
[INFO] [2018-07-19 15:53:13][TestMyBatis]{"age":19,"birthday":1531670400000,"datachangeCreatetime":1531843200000,"datachangeLasttime":1531921415000,"email":"yni@gmluo.cn","gender":1,"id":153,"password":"122333","username":"test18071807"}
[INFO] [2018-07-19 15:53:13][TestMyBatis]{"age":29,"birthday":591206400000,"datachangeCreatetime":1531843200000,"datachangeLasttime":1531843200000,"email":"yni@gmluo.cn","gender":0,"id":152,"password":"122333","username":"test18071805"}
[INFO] [2018-07-19 15:53:13][TestMyBatis]{"age":18,"birthday":1523462400000,"datachangeCreatetime":1531906794000,"datachangeLasttime":1531906794000,"email":"gmluotest01@123.com","gender":1,"id":151,"password":"122333","username":"niyantest03"}
[INFO] [2018-07-19 15:53:13][TestMyBatis]{"age":29,"birthday":591206400000,"datachangeCreatetime":1531906121000,"datachangeLasttime":1531906121000,"email":"yni@gmluo.cn","gender":0,"id":150,"password":"122333","username":"test18071805"}
[INFO] [2018-07-19 15:53:13][TestMyBatis]{"age":29,"birthday":591206400000,"datachangeCreatetime":1531906117000,"datachangeLasttime":1531906117000,"email":"yni@gmluo.cn","gender":0,"id":149,"password":"122333","username":"test18071804"}
[INFO] [2018-07-19 15:53:13][TestMyBatis]{"age":29,"birthday":591206400000,"datachangeCreatetime":1531906113000,"datachangeLasttime":1531906113000,"email":"yni@gmluo.cn","gender":0,"id":148,"password":"122333","username":"test18071803"}
[INFO] [2018-07-19 15:53:13][TestMyBatis]{"age":29,"birthday":591206400000,"datachangeCreatetime":1531906102000,"datachangeLasttime":1531906102000,"email":"yni@gmluo.cn","gender":0,"id":147,"password":"122333","username":"test18071802"}
[INFO] [2018-07-19 15:53:13][TestMyBatis]{"age":29,"birthday":591206400000,"datachangeCreatetime":1531905993000,"datachangeLasttime":1531905993000,"email":"yni@gmluo.cn","gender":0,"id":144,"password":"122333","username":"test18071802"}
[INFO] [2018-07-19 15:53:13][TestMyBatis]{"age":18,"birthday":591206400000,"datachangeCreatetime":1531905445000,"datachangeLasttime":1531905660000,"email":"yni@gmluo.cn","gender":1,"id":143,"password":"cn!","username":"test18071803"}
[INFO] [2018-07-19 15:53:13][TestMyBatis]{"age":20,"birthday":1531843200000,"datachangeCreatetime":1531878631000,"datachangeLasttime":1531878631000,"email":"123@abc.com","gender":1,"id":141,"password":"20180718","username":"罗77.5"}
[INFO] [2018-07-19 15:53:13][TestMyBatis]{"age":8,"birthday":1530633600000,"datachangeCreatetime":1530705097000,"datachangeLasttime":1530705097000,"email":"123@123.com","gender":1,"id":140,"password":"122333","username":"罗大胖"}
[INFO] [2018-07-19 15:53:13][TestMyBatis]{"age":1,"birthday":1522771200000,"datachangeCreatetime":1524133950000,"datachangeLasttime":1524133950000,"email":"gmluo041901","gender":1,"id":139,"password":"111111","username":"gmluo041901"}
[INFO] [2018-07-19 15:53:13][TestMyBatis]{"age":18,"birthday":1523462400000,"datachangeCreatetime":1524126233000,"datachangeLasttime":1524126233000,"email":"gmluotest01@123.com","gender":1,"id":138,"password":"122333","username":"niyantest02"}
[INFO] [2018-07-19 15:53:13][TestMyBatis]{"age":6,"birthday":1522684800000,"datachangeCreatetime":1524047882000,"datachangeLasttime":1524047882000,"email":"yanitest01@12.com","gender":0,"id":134,"password":"122333","username":"yanitest01"}
[INFO] [2018-07-19 15:53:13][TestMyBatis]{"age":1,"birthday":1523980800000,"datachangeCreatetime":1524045907000,"datachangeLasttime":1524045977000,"email":"gmluotest01@gmluo.cn","gender":1,"id":132,"password":"122333","username":"gmluotest01"}
[INFO] [2018-07-19 15:53:13][TestMyBatis]{"age":3,"birthday":1440950400000,"datachangeCreatetime":1524045827000,"datachangeLasttime":1524045827000,"email":"luojiani@gmluo.cn","gender":0,"id":131,"password":"122333","username":"luojiani"}
[INFO] [2018-07-19 15:53:13][TestMyBatis]{"age":29,"birthday":591206400000,"datachangeCreatetime":1524045807000,"datachangeLasttime":1524045807000,"email":"niyan@gmluo.cn","gender":0,"id":130,"password":"122333","username":"niyan"}
[INFO] [2018-07-19 15:53:13][TestMyBatis]{"age":29,"birthday":584982000000,"datachangeCreatetime":1524045758000,"datachangeLasttime":1524045777000,"email":"luogenming@gmluo.cn","gender":1,"id":129,"password":"122333","username":"luogenming"}
[INFO] [2018-07-19 15:53:13][TestMyBatis]{"age":3,"birthday":1440950400000,"datachangeCreatetime":1524045730000,"datachangeLasttime":1524045730000,"email":"jnluo@gmluo.cn","gender":0,"id":128,"password":"122333","username":"jnluo"}
[INFO] [2018-07-19 15:53:13][TestMyBatis]{"age":29,"birthday":591206400000,"datachangeCreatetime":1524045700000,"datachangeLasttime":1524045700000,"email":"yni@gmluo.cn","gender":0,"id":127,"password":"122333","username":"yni"}
[INFO] [2018-07-19 15:53:13][TestMyBatis]{"age":29,"birthday":584982000000,"datachangeCreatetime":1524045668000,"datachangeLasttime":1524045668000,"email":"gmluo@gmluo.cn","gender":1,"id":126,"password":"122333","username":"gmluo"}
[INFO] [2018-07-19 15:53:13][TestMyBatis]{"age":29,"birthday":584982000000,"datachangeCreatetime":1524045668000,"datachangeLasttime":1524045668000,"email":"gmluo@gmluo.cn","gender":1,"id":126,"password":"122333","username":"gmluo"}
[INFO] [2018-07-19 15:53:13][org.springframework.context.support.GenericApplicationContext]Closing org.springframework.context.support.GenericApplicationContext@b97c004: startup date [Thu Jul 19 15:53:11 CST 2018]; root of context hierarchy
